<?xml version="1.0" encoding="UTF-8"?>
<!-- Generated by org.testng.reporters.JUnitReportReporter -->
<testsuite skipped="0" hostname="SURAJKUMAR" name="report.AllureReport" tests="3" failures="0" timestamp="2022-03-15T19:18:30 IST" time="0.053" errors="0">
  <testcase name="SearchForProduct" time="0.046" classname="report.AllureReport"/>
  <system-out/>
  <testcase name="loginToApplication" time="0.004" classname="report.AllureReport"/>
  <system-out/>
  <testcase name="removeProductFromCart" time="0.003" classname="report.AllureReport"/>
  <system-out/>
</testsuite> <!-- report.AllureReport -->
